app/build/outputs/logs/manifest-merger-debug-report.txt
-- Merging decision tree log ---
manifest
ADDED from src\main\AndroidManifest.xml:2:1-217:12
INJECTED from src\main\AndroidManifest.xml:2:1-217:12
INJECTED from src\main\AndroidManifest.xml:2:1-217:12
INJECTED from src\main\AndroidManifest.xml:2:1-217:12
MERGED from [com.zhy:autolayout:1.4.5] AndroidManifest.xml:2:1-12:12
MERGED from [com.facebook.fresco:fresco:1.11.0] AndroidManifest.xml:2:1-9:12
MERGED from [com.jakewharton.rxbinding2:rxbinding:2.2.0] AndroidManifest.xml:2:1-7:12
MERGED from [com.android.support:support-v13:27.1.1] AndroidManifest.xml:17:1-22:12
MERGED from [com.android.support:multidex:1.0.2] AndroidManifest.xml:17:1-22:12
MERGED from [com.android.support:design:27.1.1] AndroidManifest.xml:17:1-22:12
MERGED from [com.android.support:appcompat-v7:27.1.1] AndroidManifest.xml:17:1-22:12
MERGED from [com.android.support.constraint:constraint-layout:1.1.2] AndroidManifest.xml:2:1-11:12
MERGED from [com.android.support:support-v4:27.1.1] AndroidManifest.xml:17:1-22:12
MERGED from [com.jakewharton:butterknife:8.8.1] AndroidManifest.xml:2:1-7:12
MERGED from [com.github.bumptech.glide:glide:4.8.0] AndroidManifest.xml:2:1-12:12
MERGED from [com.facebook.fresco:drawee:1.11.0] AndroidManifest.xml:2:1-9:12
MERGED from [com.facebook.fresco:nativeimagefilters:1.11.0] AndroidManifest.xml:2:1-9:12
MERGED from [com.facebook.fresco:imagepipeline:1.11.0] AndroidManifest.xml:2:1-9:12
MERGED from [com.facebook.fresco:imagepipeline-base:1.11.0] AndroidManifest.xml:2:1-9:12
MERGED from [com.facebook.fresco:fbcore:1.11.0] AndroidManifest.xml:2:1-9:12
MERGED from [com.facebook.soloader:soloader:0.5.1] AndroidManifest.xml:2:1-13:12
MERGED from [io.reactivex.rxjava2:rxandroid:2.1.0] AndroidManifest.xml:15:1-20:12
MERGED from [com.android.support:recyclerview-v7:27.1.1] AndroidManifest.xml:17:1-22:12
MERGED from [com.android.support:transition:27.1.1] AndroidManifest.xml:17:1-22:12
MERGED from [com.android.support:support-media-compat:27.1.1] AndroidManifest.xml:17:1-22:12
MERGED from [com.android.support:support-fragment:27.1.1] AndroidManifest.xml:17:1-22:12
MERGED from [com.android.support:animated-vector-drawable:27.1.1] AndroidManifest.xml:17:1-22:12
MERGED from [com.android.support:support-core-ui:27.1.1] AndroidManifest.xml:17:1-22:12
MERGED from [com.android.support:support-core-utils:27.1.1] AndroidManifest.xml:17:1-22:12
MERGED from [com.github.bumptech.glide:gifdecoder:4.8.0] AndroidManifest.xml:2:1-11:12
MERGED from [com.android.support:support-vector-drawable:27.1.1] AndroidManifest.xml:17:1-22:12
MERGED from [com.android.support:support-compat:27.1.1] AndroidManifest.xml:17:1-22:12
MERGED from [android.arch.lifecycle:livedata-core:1.1.0] AndroidManifest.xml:17:1-22:12
MERGED from [android.arch.lifecycle:viewmodel:1.1.0] AndroidManifest.xml:17:1-22:12
MERGED from [android.arch.lifecycle:runtime:1.1.0] AndroidManifest.xml:17:1-22:12
MERGED from [android.arch.core:runtime:1.1.0] AndroidManifest.xml:17:1-22:12
INJECTED from src\main\AndroidManifest.xml:2:1-217:12
INJECTED from src\main\AndroidManifest.xml:2:1-217:12
INJECTED from src\main\AndroidManifest.xml:2:1-217:12
	package
		ADDED from src\main\AndroidManifest.xml:4:5-28
		INJECTED from src\main\AndroidManifest.xml
		INJECTED from src\main\AndroidManifest.xml
	android:versionName
		ADDED from src\main\AndroidManifest.xml:7:5-32
		INJECTED from src\main\AndroidManifest.xml
		INJECTED from src\main\AndroidManifest.xml
	xmlns:tools
		ADDED from src\main\AndroidManifest.xml:3:5-51
	xmlns:android
		ADDED from src\main\AndroidManifest.xml:2:11-69
	android:versionCode
		ADDED from src\main\AndroidManifest.xml:6:5-28
		INJECTED from src\main\AndroidManifest.xml
		INJECTED from src\main\AndroidManifest.xml
	android:installLocation
		ADDED from src\main\AndroidManifest.xml:5:5-35
uses-sdk
ADDED from src\main\AndroidManifest.xml:9:5-11:40
INJECTED from src\main\AndroidManifest.xml:9:5-11:40
INJECTED from src\main\AndroidManifest.xml:9:5-11:40
MERGED from [com.zhy:autolayout:1.4.5] AndroidManifest.xml:8:5-10:41
MERGED from [com.zhy:autolayout:1.4.5] AndroidManifest.xml:8:5-10:41
MERGED from [com.facebook.fresco:fresco:1.11.0] AndroidManifest.xml:5:5-7:41
MERGED from [com.facebook.fresco:fresco:1.11.0] AndroidManifest.xml:5:5-7:41
MERGED from [com.jakewharton.rxbinding2:rxbinding:2.2.0] AndroidManifest.xml:5:5-44
MERGED from [com.jakewharton.rxbinding2:rxbinding:2.2.0] AndroidManifest.xml:5:5-44
MERGED from [com.android.support:support-v13:27.1.1] AndroidManifest.xml:20:5-44
MERGED from [com.android.support:support-v13:27.1.1] AndroidManifest.xml:20:5-44
MERGED from [com.android.support:multidex:1.0.2] AndroidManifest.xml:20:5-43
MERGED from [com.android.support:multidex:1.0.2] AndroidManifest.xml:20:5-43
MERGED from [com.android.support:design:27.1.1] AndroidManifest.xml:20:5-44
MERGED from [com.android.support:design:27.1.1] AndroidManifest.xml:20:5-44
MERGED from [com.android.support:appcompat-v7:27.1.1] AndroidManifest.xml:20:5-44
MERGED from [com.android.support:appcompat-v7:27.1.1] AndroidManifest.xml:20:5-44
MERGED from [com.android.support.constraint:constraint-layout:1.1.2] AndroidManifest.xml:5:5-7:41
MERGED from [com.android.support.constraint:constraint-layout:1.1.2] AndroidManifest.xml:5:5-7:41
MERGED from [com.android.support:support-v4:27.1.1] AndroidManifest.xml:20:5-44
MERGED from [com.android.support:support-v4:27.1.1] AndroidManifest.xml:20:5-44
MERGED from [com.jakewharton:butterknife:8.8.1] AndroidManifest.xml:5:5-43
MERGED from [com.jakewharton:butterknife:8.8.1] AndroidManifest.xml:5:5-43
MERGED from [com.github.bumptech.glide:glide:4.8.0] AndroidManifest.xml:6:5-8:41
MERGED from [com.github.bumptech.glide:glide:4.8.0] AndroidManifest.xml:6:5-8:41
MERGED from [com.facebook.fresco:drawee:1.11.0] AndroidManifest.xml:5:5-7:41
MERGED from [com.facebook.fresco:drawee:1.11.0] AndroidManifest.xml:5:5-7:41
MERGED from [com.facebook.fresco:nativeimagefilters:1.11.0] AndroidManifest.xml:5:5-7:41
MERGED from [com.facebook.fresco:nativeimagefilters:1.11.0] AndroidManifest.xml:5:5-7:41
MERGED from [com.facebook.fresco:imagepipeline:1.11.0] AndroidManifest.xml:5:5-7:41
MERGED from [com.facebook.fresco:imagepipeline:1.11.0] AndroidManifest.xml:5:5-7:41
MERGED from [com.facebook.fresco:imagepipeline-base:1.11.0] AndroidManifest.xml:5:5-7:41
MERGED from [com.facebook.fresco:imagepipeline-base:1.11.0] AndroidManifest.xml:5:5-7:41
MERGED from [com.facebook.fresco:fbcore:1.11.0] AndroidManifest.xml:5:5-7:41
MERGED from [com.facebook.fresco:fbcore:1.11.0] AndroidManifest.xml:5:5-7:41
MERGED from [com.facebook.soloader:soloader:0.5.1] AndroidManifest.xml:7:5-9:41
MERGED from [com.facebook.soloader:soloader:0.5.1] AndroidManifest.xml:7:5-9:41
MERGED from [io.reactivex.rxjava2:rxandroid:2.1.0] AndroidManifest.xml:18:5-43
MERGED from [io.reactivex.rxjava2:rxandroid:2.1.0] AndroidManifest.xml:18:5-43
MERGED from [com.android.support:recyclerview-v7:27.1.1] AndroidManifest.xml:20:5-44
MERGED from [com.android.support:recyclerview-v7:27.1.1] AndroidManifest.xml:20:5-44
MERGED from [com.android.support:transition:27.1.1] AndroidManifest.xml:20:5-44
MERGED from [com.android.support:transition:27.1.1] AndroidManifest.xml:20:5-44
MERGED from [com.android.support:support-media-compat:27.1.1] AndroidManifest.xml:20:5-44
MERGED from [com.android.support:support-media-compat:27.1.1] AndroidManifest.xml:20:5-44
MERGED from [com.android.support:support-fragment:27.1.1] AndroidManifest.xml:20:5-44
MERGED from [com.android.support:support-fragment:27.1.1] AndroidManifest.xml:20:5-44
MERGED from [com.android.support:animated-vector-drawable:27.1.1] AndroidManifest.xml:20:5-44
MERGED from [com.android.support:animated-vector-drawable:27.1.1] AndroidManifest.xml:20:5-44
MERGED from [com.android.support:support-core-ui:27.1.1] AndroidManifest.xml:20:5-44
MERGED from [com.android.support:support-core-ui:27.1.1] AndroidManifest.xml:20:5-44
MERGED from [com.android.support:support-core-utils:27.1.1] AndroidManifest.xml:20:5-44
MERGED from [com.android.support:support-core-utils:27.1.1] AndroidManifest.xml:20:5-44
MERGED from [com.github.bumptech.glide:gifdecoder:4.8.0] AndroidManifest.xml:5:5-7:41
MERGED from [com.github.bumptech.glide:gifdecoder:4.8.0] AndroidManifest.xml:5:5-7:41
MERGED from [com.android.support:support-vector-drawable:27.1.1] AndroidManifest.xml:20:5-44
MERGED from [com.android.support:support-vector-drawable:27.1.1] AndroidManifest.xml:20:5-44
MERGED from [com.android.support:support-compat:27.1.1] AndroidManifest.xml:20:5-44
MERGED from [com.android.support:support-compat:27.1.1] AndroidManifest.xml:20:5-44
MERGED from [android.arch.lifecycle:livedata-core:1.1.0] AndroidManifest.xml:20:5-44
MERGED from [android.arch.lifecycle:livedata-core:1.1.0] AndroidManifest.xml:20:5-44
MERGED from [android.arch.lifecycle:viewmodel:1.1.0] AndroidManifest.xml:20:5-44
MERGED from [android.arch.lifecycle:viewmodel:1.1.0] AndroidManifest.xml:20:5-44
MERGED from [android.arch.lifecycle:runtime:1.1.0] AndroidManifest.xml:20:5-44
MERGED from [android.arch.lifecycle:runtime:1.1.0] AndroidManifest.xml:20:5-44
MERGED from [android.arch.core:runtime:1.1.0] AndroidManifest.xml:20:5-44
MERGED from [android.arch.core:runtime:1.1.0] AndroidManifest.xml:20:5-44
INJECTED from src\main\AndroidManifest.xml:9:5-11:40
INJECTED from src\main\AndroidManifest.xml:9:5-11:40
	android:targetSdkVersion
		ADDED from src\main\AndroidManifest.xml:11:9-38
		INJECTED from src\main\AndroidManifest.xml
		INJECTED from src\main\AndroidManifest.xml
	android:minSdkVersion
		ADDED from src\main\AndroidManifest.xml:10:9-35
		INJECTED from src\main\AndroidManifest.xml
		INJECTED from src\main\AndroidManifest.xml
uses-permission#android.permission.READ_CONTACTS
ADDED from src\main\AndroidManifest.xml:14:5-72
	android:name
		ADDED from src\main\AndroidManifest.xml:14:22-69
uses-permission#android.permission.WRITE_CONTACTS
ADDED from src\main\AndroidManifest.xml:15:5-73
	android:name
		ADDED from src\main\AndroidManifest.xml:15:22-70
uses-permission#android.permission.BLUETOOTH_ADMIN
ADDED from src\main\AndroidManifest.xml:16:5-74
	android:name
		ADDED from src\main\AndroidManifest.xml:16:22-71
uses-permission#android.permission.BLUETOOTH
ADDED from src\main\AndroidManifest.xml:17:5-68
	android:name
		ADDED from src\main\AndroidManifest.xml:17:22-65
uses-permission#android.permission.ACCESS_FINE_LOCATION
ADDED from src\main\AndroidManifest.xml:18:5-79
	android:name
		ADDED from src\main\AndroidManifest.xml:18:22-76
uses-permission#android.permission.ACCESS_COARSE_LOCATION
ADDED from src\main\AndroidManifest.xml:19:5-81
	android:name
		ADDED from src\main\AndroidManifest.xml:19:22-78
uses-permission#android.permission.ACCESS_MOCK_LOCATION
ADDED from src\main\AndroidManifest.xml:20:5-79
	android:name
		ADDED from src\main\AndroidManifest.xml:20:22-76
uses-permission#android.permission.INTERNET
ADDED from src\main\AndroidManifest.xml:21:5-67
	android:name
		ADDED from src\main\AndroidManifest.xml:21:22-64
uses-permission#android.permission.ACCESS_NETWORK_STATE
ADDED from src\main\AndroidManifest.xml:22:5-79
	android:name
		ADDED from src\main\AndroidManifest.xml:22:22-76
uses-permission#android.permission.WRITE_SETTINGS
ADDED from src\main\AndroidManifest.xml:23:5-73
	android:name
		ADDED from src\main\AndroidManifest.xml:23:22-70
uses-permission#android.permission.WRITE_EXTERNAL_STORAGE
ADDED from src\main\AndroidManifest.xml:24:5-81
	android:name
		ADDED from src\main\AndroidManifest.xml:24:22-78
uses-permission#android.permission.READ_EXTERNAL_STORAGE
ADDED from src\main\AndroidManifest.xml:25:5-80
	android:name
		ADDED from src\main\AndroidManifest.xml:25:22-77
uses-permission#android.permission.RESTART_PACKAGES
ADDED from src\main\AndroidManifest.xml:26:5-75
	android:name
		ADDED from src\main\AndroidManifest.xml:26:22-72
uses-permission#android.permission.CAMERA
ADDED from src\main\AndroidManifest.xml:27:5-65
	android:name
		ADDED from src\main\AndroidManifest.xml:27:22-62
uses-permission#android.permission.RECORD_AUDIO
ADDED from src\main\AndroidManifest.xml:28:5-71
	android:name
		ADDED from src\main\AndroidManifest.xml:28:22-68
uses-permission#android.permission.FLASHLIGHT
ADDED from src\main\AndroidManifest.xml:29:5-69
	android:name
		ADDED from src\main\AndroidManifest.xml:29:22-66
uses-permission#android.permission.GET_ACCOUNTS
ADDED from src\main\AndroidManifest.xml:30:5-71
	android:name
		ADDED from src\main\AndroidManifest.xml:30:22-68
uses-permission#android.permission.WAKE_LOCK
ADDED from src\main\AndroidManifest.xml:32:5-68
	android:name
		ADDED from src\main\AndroidManifest.xml:32:22-65
uses-permission#android.permission.VIBRATE
ADDED from src\main\AndroidManifest.xml:33:5-34:23
	android:name
		ADDED from src\main\AndroidManifest.xml:33:22-63
uses-feature#android.hardware.usb.accessory
ADDED from src\main\AndroidManifest.xml:37:5-38:56
	android:name
		ADDED from src\main\AndroidManifest.xml:38:9-54
supports-screens
ADDED from src\main\AndroidManifest.xml:40:5-44:39
	android:largeScreens
		ADDED from src\main\AndroidManifest.xml:42:9-36
	android:smallScreens
		ADDED from src\main\AndroidManifest.xml:44:9-36
	android:normalScreens
		ADDED from src\main\AndroidManifest.xml:43:9-37
	android:anyDensity
		ADDED from src\main\AndroidManifest.xml:41:9-34
application
ADDED from src\main\AndroidManifest.xml:46:5-213:19
MERGED from [com.android.support.constraint:constraint-layout:1.1.2] AndroidManifest.xml:9:5-20
MERGED from [com.android.support.constraint:constraint-layout:1.1.2] AndroidManifest.xml:9:5-20
MERGED from [com.github.bumptech.glide:glide:4.8.0] AndroidManifest.xml:10:5-20
MERGED from [com.github.bumptech.glide:glide:4.8.0] AndroidManifest.xml:10:5-20
MERGED from [com.facebook.soloader:soloader:0.5.1] AndroidManifest.xml:11:5-20
MERGED from [com.facebook.soloader:soloader:0.5.1] AndroidManifest.xml:11:5-20
MERGED from [com.github.bumptech.glide:gifdecoder:4.8.0] AndroidManifest.xml:9:5-20
MERGED from [com.github.bumptech.glide:gifdecoder:4.8.0] AndroidManifest.xml:9:5-20
	android:label
		ADDED from src\main\AndroidManifest.xml:48:9-41
	android:icon
		ADDED from src\main\AndroidManifest.xml:47:9-38
	android:theme
		ADDED from src\main\AndroidManifest.xml:49:9-50
uses-library#com.android.future.usb.accessory
ADDED from src\main\AndroidManifest.xml:50:9-73
	android:name
		ADDED from src\main\AndroidManifest.xml:50:23-70
activity#android.HH100.MainActivity
ADDED from src\main\AndroidManifest.xml:52:9-65:20
	android:screenOrientation
		ADDED from src\main\AndroidManifest.xml:57:13-50
	android:label
		ADDED from src\main\AndroidManifest.xml:56:13-45
	android:launchMode
		ADDED from src\main\AndroidManifest.xml:55:13-43
	android:configChanges
		ADDED from src\main\AndroidManifest.xml:54:13-51
	android:theme
		ADDED from src\main\AndroidManifest.xml:58:13-77
	android:name
		ADDED from src\main\AndroidManifest.xml:53:13-54
intent-filter#action:name:android.intent.action.MAIN+category:name:android.intent.category.LAUNCHER
ADDED from src\main\AndroidManifest.xml:59:13-62:29
action#android.intent.action.MAIN
ADDED from src\main\AndroidManifest.xml:60:17-69
	android:name
		ADDED from src\main\AndroidManifest.xml:60:25-66
category#android.intent.category.LAUNCHER
ADDED from src\main\AndroidManifest.xml:61:17-77
	android:name
		ADDED from src\main\AndroidManifest.xml:61:27-74
activity#android.HH100.RealTimeActivity
ADDED from src\main\AndroidManifest.xml:66:9-71:20
	android:screenOrientation
		ADDED from src\main\AndroidManifest.xml:69:13-50
	android:label
		ADDED from src\main\AndroidManifest.xml:68:13-45
	android:theme
		ADDED from src\main\AndroidManifest.xml:70:13-66
	android:name
		ADDED from src\main\AndroidManifest.xml:67:13-58
activity#android.HH100.Dialog.UsbDlg
ADDED from src\main\AndroidManifest.xml:72:9-84:20
	android:label
		ADDED from src\main\AndroidManifest.xml:74:13-45
	android:launchMode
		ADDED from src\main\AndroidManifest.xml:75:13-48
	android:theme
		ADDED from src\main\AndroidManifest.xml:76:13-56
	android:name
		ADDED from src\main\AndroidManifest.xml:73:13-55
intent-filter#action:name:android.hardware.usb.action.USB_ACCESSORY_ATTACHED
ADDED from src\main\AndroidManifest.xml:77:13-79:29
action#android.hardware.usb.action.USB_ACCESSORY_ATTACHED
ADDED from src\main\AndroidManifest.xml:78:17-93
	android:name
		ADDED from src\main\AndroidManifest.xml:78:25-90
meta-data#android.hardware.usb.action.USB_ACCESSORY_ATTACHED
ADDED from src\main\AndroidManifest.xml:81:13-83:52
	android:resource
		ADDED from src\main\AndroidManifest.xml:83:17-49
	android:name
		ADDED from src\main\AndroidManifest.xml:82:17-82
activity#android.HH100.SetupSpectrumActivity
ADDED from src\main\AndroidManifest.xml:85:9-90:20
	android:label
		ADDED from src\main\AndroidManifest.xml:88:13-44
	android:configChanges
		ADDED from src\main\AndroidManifest.xml:87:13-63
	android:theme
		ADDED from src\main\AndroidManifest.xml:89:13-71
	android:name
		ADDED from src\main\AndroidManifest.xml:86:13-63
activity#android.HH100.IDspectrumActivity
ADDED from src\main\AndroidManifest.xml:91:9-95:20
	android:label
		ADDED from src\main\AndroidManifest.xml:94:13-55
	android:configChanges
		ADDED from src\main\AndroidManifest.xml:93:13-63
	android:name
		ADDED from src\main\AndroidManifest.xml:92:13-60
activity#android.HH100.SequentialActivity
ADDED from src\main\AndroidManifest.xml:96:9-100:20
	android:label
		ADDED from src\main\AndroidManifest.xml:99:13-55
	android:configChanges
		ADDED from src\main\AndroidManifest.xml:98:13-63
	android:name
		ADDED from src\main\AndroidManifest.xml:97:13-60
activity#android.HH100.EventLogActivity
ADDED from src\main\AndroidManifest.xml:101:9-106:20
	android:screenOrientation
		ADDED from src\main\AndroidManifest.xml:104:13-50
	android:label
		ADDED from src\main\AndroidManifest.xml:103:13-51
	android:theme
		ADDED from src\main\AndroidManifest.xml:105:13-54
	android:name
		ADDED from src\main\AndroidManifest.xml:102:13-58
activity#android.HH100.EventListActivity
ADDED from src\main\AndroidManifest.xml:107:9-111:20
	android:label
		ADDED from src\main\AndroidManifest.xml:109:13-46
	android:theme
		ADDED from src\main\AndroidManifest.xml:110:13-54
	android:name
		ADDED from src\main\AndroidManifest.xml:108:13-59
activity#android.HH100.ReachBackListActivity
ADDED from src\main\AndroidManifest.xml:112:9-117:20
	android:screenOrientation
		ADDED from src\main\AndroidManifest.xml:115:13-50
	android:label
		ADDED from src\main\AndroidManifest.xml:114:13-46
	android:theme
		ADDED from src\main\AndroidManifest.xml:116:13-54
	android:name
		ADDED from src\main\AndroidManifest.xml:113:13-63
activity#android.HH100.Dialog.LoginDlg
ADDED from src\main\AndroidManifest.xml:118:9-122:20
	android:label
		ADDED from src\main\AndroidManifest.xml:120:13-42
	android:theme
		ADDED from src\main\AndroidManifest.xml:121:13-61
	android:name
		ADDED from src\main\AndroidManifest.xml:119:13-57
activity#android.HH100.TextDlg
ADDED from src\main\AndroidManifest.xml:123:9-127:20
	android:label
		ADDED from src\main\AndroidManifest.xml:125:13-36
	android:theme
		ADDED from src\main\AndroidManifest.xml:126:13-56
	android:name
		ADDED from src\main\AndroidManifest.xml:124:13-49
activity#android.HH100.Dialog.DeviceListActivity
ADDED from src\main\AndroidManifest.xml:128:9-133:20
	android:label
		ADDED from src\main\AndroidManifest.xml:131:13-47
	android:configChanges
		ADDED from src\main\AndroidManifest.xml:130:13-63
	android:theme
		ADDED from src\main\AndroidManifest.xml:132:13-61
	android:name
		ADDED from src\main\AndroidManifest.xml:129:13-67
activity#android.HH100.AutoCalibActivity
ADDED from src\main\AndroidManifest.xml:134:9-140:20
	android:screenOrientation
		ADDED from src\main\AndroidManifest.xml:138:13-50
	android:label
		ADDED from src\main\AndroidManifest.xml:137:13-55
	android:launchMode
		ADDED from src\main\AndroidManifest.xml:136:13-44
	android:theme
		ADDED from src\main\AndroidManifest.xml:139:13-77
	android:name
		ADDED from src\main\AndroidManifest.xml:135:13-59
activity#android.HH100.Dialog.EmailSetupActivity
ADDED from src\main\AndroidManifest.xml:141:9-145:20
	android:label
		ADDED from src\main\AndroidManifest.xml:143:13-40
	android:theme
		ADDED from src\main\AndroidManifest.xml:144:13-73
	android:name
		ADDED from src\main\AndroidManifest.xml:142:13-67
activity#android.HH100.PreferenceActivity
ADDED from src\main\AndroidManifest.xml:146:9-151:20
	android:screenOrientation
		ADDED from src\main\AndroidManifest.xml:149:13-50
	android:label
		ADDED from src\main\AndroidManifest.xml:148:13-42
	android:theme
		ADDED from src\main\AndroidManifest.xml:150:13-77
	android:name
		ADDED from src\main\AndroidManifest.xml:147:13-60
activity#android.HH100.LogActivity.LogTabActivity
ADDED from src\main\AndroidManifest.xml:152:9-156:20
	android:label
		ADDED from src\main\AndroidManifest.xml:154:13-46
	android:theme
		ADDED from src\main\AndroidManifest.xml:155:13-56
	android:name
		ADDED from src\main\AndroidManifest.xml:153:13-68
activity#android.HH100.LogActivity.LogInfoTab
ADDED from src\main\AndroidManifest.xml:157:9-161:20
	android:label
		ADDED from src\main\AndroidManifest.xml:159:13-46
	android:theme
		ADDED from src\main\AndroidManifest.xml:160:13-54
	android:name
		ADDED from src\main\AndroidManifest.xml:158:13-64
activity#android.HH100.LogActivity.LogPhotoTab
ADDED from src\main\AndroidManifest.xml:162:9-171:20
	android:label
		ADDED from src\main\AndroidManifest.xml:164:13-44
	android:theme
		ADDED from src\main\AndroidManifest.xml:165:13-54
	android:name
		ADDED from src\main\AndroidManifest.xml:163:13-65
intent-filter#action:name:android.intent.action.VIEW
ADDED from src\main\AndroidManifest.xml:166:13-168:29
action#android.intent.action.VIEW
ADDED from src\main\AndroidManifest.xml:167:17-69
	android:name
		ADDED from src\main\AndroidManifest.xml:167:25-66
category#android.intent.category.DEFAULT
ADDED from src\main\AndroidManifest.xml:170:13-72
	android:name
		ADDED from src\main\AndroidManifest.xml:170:23-69
activity#android.HH100.RadresponderActivity
ADDED from src\main\AndroidManifest.xml:172:9-176:20
	android:label
		ADDED from src\main\AndroidManifest.xml:174:13-45
	android:theme
		ADDED from src\main\AndroidManifest.xml:175:13-56
	android:name
		ADDED from src\main\AndroidManifest.xml:173:13-62
activity#android.HH100.RecActivity
ADDED from src\main\AndroidManifest.xml:177:9-180:20
	android:label
		ADDED from src\main\AndroidManifest.xml:179:13-45
	android:name
		ADDED from src\main\AndroidManifest.xml:178:13-53
receiver#android.HH100.Service.StartReceiver
ADDED from src\main\AndroidManifest.xml:182:9-190:20
	android:enabled
		ADDED from src\main\AndroidManifest.xml:184:13-35
	android:label
		ADDED from src\main\AndroidManifest.xml:186:13-42
	android:exported
		ADDED from src\main\AndroidManifest.xml:185:13-37
	android:name
		ADDED from src\main\AndroidManifest.xml:183:13-63
intent-filter#action:name:android.intent.action.BOOT_COMPLETED
ADDED from src\main\AndroidManifest.xml:187:13-189:29
action#android.intent.action.BOOT_COMPLETED
ADDED from src\main\AndroidManifest.xml:188:17-79
	android:name
		ADDED from src\main\AndroidManifest.xml:188:25-76
activity#android.HH100.Service.Guide
ADDED from src\main\AndroidManifest.xml:192:9-198:20
	android:screenOrientation
		ADDED from src\main\AndroidManifest.xml:194:13-50
	android:label
		ADDED from src\main\AndroidManifest.xml:195:13-45
	android:theme
		ADDED from src\main\AndroidManifest.xml:196:13-77
	android:name
		ADDED from src\main\AndroidManifest.xml:193:13-55
activity#android.HH100.CameraUtil.Camera2Activity
ADDED from src\main\AndroidManifest.xml:200:9-206:20
	android:screenOrientation
		ADDED from src\main\AndroidManifest.xml:202:13-50
	android:windowSoftInputMode
		ADDED from src\main\AndroidManifest.xml:203:13-60
	android:configChanges
		ADDED from src\main\AndroidManifest.xml:205:13-119
	android:theme
		ADDED from src\main\AndroidManifest.xml:204:13-77
	android:name
		ADDED from src\main\AndroidManifest.xml:201:13-68
activity#android.HH100.CameraUtil.VideoActivity
ADDED from src\main\AndroidManifest.xml:207:9-211:20
	android:screenOrientation
		ADDED from src\main\AndroidManifest.xml:210:13-50
	android:windowSoftInputMode
		ADDED from src\main\AndroidManifest.xml:209:13-60
	android:theme
		ADDED from src\main\AndroidManifest.xml:208:13-77
	android:name
		ADDED from src\main\AndroidManifest.xml:207:19-72